PHPUnit 9.5.4 by Sebastian Bergmann and contributors.

.FEEEEFEEE..........EEEEEEEE                                      28 / 28 (100%)

Time: 00:42.683, Memory: 34.00 MB

There were 15 errors:

1) Tests\Feature\YatzyControllerTest::testPostYatzyRoute
ArgumentCountError: Too few arguments to function App\Models\Yatzy\Yatzy::__construct(), 0 passed in C:\Users\Richard\Documents\dbwebb\mvc\me\proj\tests\Feature\YatzyControllerTest.php on line 35 and exactly 4 expected

C:\Users\Richard\Documents\dbwebb\mvc\me\proj\app\Models\Yatzy\Yatzy.php:24
C:\Users\Richard\Documents\dbwebb\mvc\me\proj\tests\Feature\YatzyControllerTest.php:35

2) Tests\Feature\YatzyControllerTest::testCreateTheControllerClass
Error: Class 'App\Models\Yatzy\Result' not found

C:\Users\Richard\Documents\dbwebb\mvc\me\proj\tests\Feature\YatzyControllerTest.php:104

3) Tests\Feature\YatzyControllerTest::testGame21ExtendsController
Error: Class 'App\Models\Yatzy\Result' not found

C:\Users\Richard\Documents\dbwebb\mvc\me\proj\tests\Feature\YatzyControllerTest.php:104

4) Tests\Feature\YatzyControllerTest::testHighschoresReturnsView
BadMethodCallException: Method App\Http\Controllers\YatzyController::highScores does not exist.

C:\Users\Richard\Documents\dbwebb\mvc\me\proj\vendor\laravel\framework\src\Illuminate\Routing\Controller.php:68
C:\Users\Richard\Documents\dbwebb\mvc\me\proj\tests\Feature\YatzyControllerTest.php:74

5) App\Models\Yatzy\YatzyResultTest::testIsInstanceOfResult
Error: Class 'App\Models\Yatzy\Result' not found

C:\Users\Richard\Documents\dbwebb\mvc\me\proj\tests\Feature\YatzyHighscoreTest.php:23

6) App\Models\Yatzy\YatzyResultTest::testgetAllResultsReturnsArray
Error: Class 'App\Models\Yatzy\Result' not found

C:\Users\Richard\Documents\dbwebb\mvc\me\proj\tests\Feature\YatzyHighscoreTest.php:33

7) App\Models\Yatzy\YatzyResultTest::testSaveResult
Error: Class 'App\Models\Yatzy\Result' not found

C:\Users\Richard\Documents\dbwebb\mvc\me\proj\tests\Feature\YatzyHighscoreTest.php:44

8) App\Models\Yatzy\YatzyYatzyTest::testIsInstanceOfRound
ArgumentCountError: Too few arguments to function App\Models\Yatzy\Yatzy::__construct(), 0 passed in C:\Users\Richard\Documents\dbwebb\mvc\me\proj\tests\Unit\Yatzy\YatzyYatzyTest.php on line 23 and exactly 4 expected

C:\Users\Richard\Documents\dbwebb\mvc\me\proj\app\Models\Yatzy\Yatzy.php:24
C:\Users\Richard\Documents\dbwebb\mvc\me\proj\tests\Unit\Yatzy\YatzyYatzyTest.php:23

9) App\Models\Yatzy\YatzyYatzyTest::testStartNewRoundNrOfRoundsPlayed
ArgumentCountError: Too few arguments to function App\Models\Yatzy\Yatzy::__construct(), 0 passed in C:\Users\Richard\Documents\dbwebb\mvc\me\proj\tests\Unit\Yatzy\YatzyYatzyTest.php on line 33 and exactly 4 expected

C:\Users\Richard\Documents\dbwebb\mvc\me\proj\app\Models\Yatzy\Yatzy.php:24
C:\Users\Richard\Documents\dbwebb\mvc\me\proj\tests\Unit\Yatzy\YatzyYatzyTest.php:33

10) App\Models\Yatzy\YatzyYatzyTest::testPlayNrOfReRolls
ArgumentCountError: Too few arguments to function App\Models\Yatzy\Yatzy::__construct(), 0 passed in C:\Users\Richard\Documents\dbwebb\mvc\me\proj\tests\Unit\Yatzy\YatzyYatzyTest.php on line 48 and exactly 4 expected

C:\Users\Richard\Documents\dbwebb\mvc\me\proj\app\Models\Yatzy\Yatzy.php:24
C:\Users\Richard\Documents\dbwebb\mvc\me\proj\tests\Unit\Yatzy\YatzyYatzyTest.php:48

11) App\Models\Yatzy\YatzyYatzyTest::testPlayRoundOver
ArgumentCountError: Too few arguments to function App\Models\Yatzy\Yatzy::__construct(), 0 passed in C:\Users\Richard\Documents\dbwebb\mvc\me\proj\tests\Unit\Yatzy\YatzyYatzyTest.php on line 65 and exactly 4 expected

C:\Users\Richard\Documents\dbwebb\mvc\me\proj\app\Models\Yatzy\Yatzy.php:24
C:\Users\Richard\Documents\dbwebb\mvc\me\proj\tests\Unit\Yatzy\YatzyYatzyTest.php:65

12) App\Models\Yatzy\YatzyYatzyTest::testReRollHidden
ArgumentCountError: Too few arguments to function App\Models\Yatzy\Yatzy::__construct(), 0 passed in C:\Users\Richard\Documents\dbwebb\mvc\me\proj\tests\Unit\Yatzy\YatzyYatzyTest.php on line 85 and exactly 4 expected

C:\Users\Richard\Documents\dbwebb\mvc\me\proj\app\Models\Yatzy\Yatzy.php:24
C:\Users\Richard\Documents\dbwebb\mvc\me\proj\tests\Unit\Yatzy\YatzyYatzyTest.php:85

13) App\Models\Yatzy\YatzyYatzyTest::testReRollHideOnGameOver
ArgumentCountError: Too few arguments to function App\Models\Yatzy\Yatzy::__construct(), 0 passed in C:\Users\Richard\Documents\dbwebb\mvc\me\proj\tests\Unit\Yatzy\YatzyYatzyTest.php on line 104 and exactly 4 expected

C:\Users\Richard\Documents\dbwebb\mvc\me\proj\app\Models\Yatzy\Yatzy.php:24
C:\Users\Richard\Documents\dbwebb\mvc\me\proj\tests\Unit\Yatzy\YatzyYatzyTest.php:104

14) App\Models\Yatzy\YatzyYatzyTest::testCalculatePoints
ReflectionException: Method App\Models\Yatzy\Yatzy::calculatePoints() does not exist

C:\Users\Richard\Documents\dbwebb\mvc\me\proj\tests\Unit\Yatzy\YatzyYatzyTest.php:126

15) App\Models\Yatzy\YatzyYatzyTest::testCalculatePointsBonus
ReflectionException: Method App\Models\Yatzy\Yatzy::calculatePoints() does not exist

C:\Users\Richard\Documents\dbwebb\mvc\me\proj\tests\Unit\Yatzy\YatzyYatzyTest.php:144

--

There were 2 failures:

1) Tests\Feature\YatzyControllerTest::testGetYatzyRoute
Expected status code 200 but received 405.
Failed asserting that 200 is identical to 405.

C:\Users\Richard\Documents\dbwebb\mvc\me\proj\vendor\laravel\framework\src\Illuminate\Testing\TestResponse.php:187
C:\Users\Richard\Documents\dbwebb\mvc\me\proj\tests\Feature\YatzyControllerTest.php:23

2) Tests\Feature\YatzyControllerTest::testSubmitResult
Expected status code 200 but received 404.
Failed asserting that 200 is identical to 404.

C:\Users\Richard\Documents\dbwebb\mvc\me\proj\vendor\laravel\framework\src\Illuminate\Testing\TestResponse.php:187
C:\Users\Richard\Documents\dbwebb\mvc\me\proj\tests\Feature\YatzyControllerTest.php:93

ERRORS!
Tests: 28, Assertions: 35, Errors: 15, Failures: 2.

Generating code coverage report in Clover XML format ... done [00:00.413]

Generating code coverage report in HTML format ... done [00:00.620]
